[debug] [2022-03-14T18:23:17.206Z] ----------------------------------------------------------------------
[debug] [2022-03-14T18:23:17.216Z] Command:       C:\Program Files\nodejs\node.exe C:\Users\Hussain Computer\AppData\Roaming\npm\node_modules\firebase-tools\lib\bin\firebase.js login
[debug] [2022-03-14T18:23:17.219Z] CLI Version:   10.2.2
[debug] [2022-03-14T18:23:17.220Z] Platform:      win32
[debug] [2022-03-14T18:23:17.220Z] Node Version:  v16.14.0
[debug] [2022-03-14T18:23:17.225Z] Time:          Mon Mar 14 2022 23:23:17 GMT+0500 (Pakistan Standard Time)
[debug] [2022-03-14T18:23:17.226Z] ----------------------------------------------------------------------
[debug] 
[info] i  Firebase optionally collects CLI usage and error reporting information to help improve our products. Data is collected in accordance with Google's privacy policy (https://policies.google.com/privacy) and is not used to identify you.
 
[info] i  To change your data collection preference at any time, run `firebase logout` and log in again. 
[info] 
[info] Visit this URL on this device to log in:
[info] https://accounts.google.com/o/oauth2/auth?client_id=563584335869-fgrhgmd47bqnekij5i8b5pr03ho849e6.apps.googleusercontent.com&scope=email%20openid%20https%3A%2F%2Fwww.googleapis.com%2Fauth%2Fcloudplatformprojects.readonly%20https%3A%2F%2Fwww.googleapis.com%2Fauth%2Ffirebase%20https%3A%2F%2Fwww.googleapis.com%2Fauth%2Fcloud-platform&response_type=code&state=449123920&redirect_uri=http%3A%2F%2Flocalhost%3A9005
[info] 
[info] Waiting for authentication...
[debug] [2022-03-14T18:23:25.288Z] Error: spawn cmd ENOENT
    at Process.ChildProcess._handle.onexit (node:internal/child_process:283:19)
    at onErrorNT (node:internal/child_process:478:16)
    at processTicksAndRejections (node:internal/process/task_queues:83:21)
[error] 
[error] Error: An unexpected error has occurred.
[debug] [2022-03-14T18:24:21.034Z] ----------------------------------------------------------------------
[debug] [2022-03-14T18:24:21.048Z] Command:       C:\Program Files\nodejs\node.exe C:\Users\Hussain Computer\AppData\Roaming\npm\node_modules\firebase-tools\lib\bin\firebase.js login --interactive
[debug] [2022-03-14T18:24:21.053Z] CLI Version:   10.2.2
[debug] [2022-03-14T18:24:21.053Z] Platform:      win32
[debug] [2022-03-14T18:24:21.054Z] Node Version:  v16.14.0
[debug] [2022-03-14T18:24:21.062Z] Time:          Mon Mar 14 2022 23:24:21 GMT+0500 (Pakistan Standard Time)
[debug] [2022-03-14T18:24:21.064Z] ----------------------------------------------------------------------
[debug] 
[info] i  Firebase optionally collects CLI usage and error reporting information to help improve our products. Data is collected in accordance with Google's privacy policy (https://policies.google.com/privacy) and is not used to identify you.
 
[info] i  To change your data collection preference at any time, run `firebase logout` and log in again. 
[info] 
[info] Visit this URL on this device to log in:
[info] https://accounts.google.com/o/oauth2/auth?client_id=563584335869-fgrhgmd47bqnekij5i8b5pr03ho849e6.apps.googleusercontent.com&scope=email%20openid%20https%3A%2F%2Fwww.googleapis.com%2Fauth%2Fcloudplatformprojects.readonly%20https%3A%2F%2Fwww.googleapis.com%2Fauth%2Ffirebase%20https%3A%2F%2Fwww.googleapis.com%2Fauth%2Fcloud-platform&response_type=code&state=1015168850&redirect_uri=http%3A%2F%2Flocalhost%3A9005
[info] 
[info] Waiting for authentication...
[debug] [2022-03-14T18:24:27.040Z] Error: spawn cmd ENOENT
    at Process.ChildProcess._handle.onexit (node:internal/child_process:283:19)
    at onErrorNT (node:internal/child_process:478:16)
    at processTicksAndRejections (node:internal/process/task_queues:83:21)
[error] 
[error] Error: An unexpected error has occurred.
[debug] [2022-03-14T18:29:23.597Z] ----------------------------------------------------------------------
[debug] [2022-03-14T18:29:23.608Z] Command:       C:\Program Files\nodejs\node.exe C:\Users\Hussain Computer\AppData\Roaming\npm\node_modules\firebase-tools\lib\bin\firebase.js login
[debug] [2022-03-14T18:29:23.612Z] CLI Version:   10.2.2
[debug] [2022-03-14T18:29:23.612Z] Platform:      win32
[debug] [2022-03-14T18:29:23.613Z] Node Version:  v16.14.0
[debug] [2022-03-14T18:29:23.618Z] Time:          Mon Mar 14 2022 23:29:23 GMT+0500 (Pakistan Standard Time)
[debug] [2022-03-14T18:29:23.619Z] ----------------------------------------------------------------------
[debug] 
[info] i  Firebase optionally collects CLI usage and error reporting information to help improve our products. Data is collected in accordance with Google's privacy policy (https://policies.google.com/privacy) and is not used to identify you.
 
[info] i  To change your data collection preference at any time, run `firebase logout` and log in again. 
[info] 
[info] Visit this URL on this device to log in:
[info] https://accounts.google.com/o/oauth2/auth?client_id=563584335869-fgrhgmd47bqnekij5i8b5pr03ho849e6.apps.googleusercontent.com&scope=email%20openid%20https%3A%2F%2Fwww.googleapis.com%2Fauth%2Fcloudplatformprojects.readonly%20https%3A%2F%2Fwww.googleapis.com%2Fauth%2Ffirebase%20https%3A%2F%2Fwww.googleapis.com%2Fauth%2Fcloud-platform&response_type=code&state=260811863&redirect_uri=http%3A%2F%2Flocalhost%3A9005
[info] 
[info] Waiting for authentication...
[debug] [2022-03-14T18:29:29.798Z] Error: spawn cmd ENOENT
    at Process.ChildProcess._handle.onexit (node:internal/child_process:283:19)
    at onErrorNT (node:internal/child_process:478:16)
    at processTicksAndRejections (node:internal/process/task_queues:83:21)
[error] 
[error] Error: An unexpected error has occurred.
